#vision1                                        
                           Design Compiler Graphical 
                                 DC Ultra (TM)
                                  DFTMAX (TM)
                              Power Compiler (TM)
                                 DesignWare (R)
                                 DC Expert (TM)
                               Design Vision (TM)
                               HDL Compiler (TM)
                               VHDL Compiler (TM)
                                  DFT Compiler
                               Design Compiler(R)
                                        
                 Version K-2015.06 for linux64 - May 28, 2015 
                                        
                    Copyright (c) 1988 - 2015 Synopsys, Inc.
   This software and the associated documentation are proprietary to Synopsys,
 Inc. This software may only be used in accordance with the terms and conditions
 of a written license agreement with Synopsys, Inc. All other use, reproduction,
            or distribution of this software is strictly prohibited.
Initializing...
Initializing gui preferences from file  /home/IC/.synopsys_dv_prefs.tcl
# TCL script for DC
#######################################################
set hdlin_translate_off_skip_text "true"
Information: Variable 'hdlin_translate_off_skip_text' is obsolete and is being ignored. (INFO-100)
true
set verilogout_no_tri             "true"
true
set default_schematic_options     "-size infinite"
-size infinite
set write_name_nets_same_as_ports "true"
true
#
#######################################################
#
# dc_shell TcL startup script:
#
set designer "klin"
klin
set company  "QiXin"
QiXin
#
# Some design environment variables:
#
set search_path ". $search_path ./library"
. . /opt/Synopsys/Synplify2015/libraries/syn /opt/Synopsys/Synplify2015/minpower/syn /opt/Synopsys/Synplify2015/dw/syn_ver /opt/Synopsys/Synplify2015/dw/sim_ver /opt/Foundary_Library/TSMC90/aci/sc-x/synopsys ./library
#
# tc = Typical; bc = Best; wc = Worst:
set target_library typical.db
typical.db
set link_library   "* typical.db"
* typical.db
#
set symbol_library tsmc090.sdb
tsmc090.sdb
#
# ---------------------------------
#
# Set up a work library for this design in a subdirectory:
define_design_lib mac_xzy -path ./Intro_TopSynth
1
#
# Precompile and check all modules:
analyze -work mac_xzy -format verilog "../rtl/mac/mac_xzy.v" 
Running PRESTO HDLC
Compiling source file ../rtl/mac/mac_xzy.v
Presto compilation completed successfully.
Loading db file '/opt/Foundary_Library/TSMC90/aci/sc-x/synopsys/typical.db'
1
analyze -work mac_xzy -format verilog "../rtl/mac/mac_unit.v"
Running PRESTO HDLC
Compiling source file ../rtl/mac/mac_unit.v
Presto compilation completed successfully.
1
analyze -work mac_xzy -format verilog "../rtl/adder/cla/cla_nbit.v" 
Running PRESTO HDLC
Compiling source file ../rtl/adder/cla/cla_nbit.v
Presto compilation completed successfully.
1
analyze -work mac_xzy -format verilog "../rtl/adder/adder/add_normalizer.v" 
Running PRESTO HDLC
Compiling source file ../rtl/adder/adder/add_normalizer.v
Presto compilation completed successfully.
1
analyze -work mac_xzy -format verilog "../rtl/adder/adder/alignment.v" 
Running PRESTO HDLC
Compiling source file ../rtl/adder/adder/alignment.v
Presto compilation completed successfully.
1
analyze -work mac_xzy -format verilog "../rtl/adder/adder/int_fp_add.v" 
Running PRESTO HDLC
Compiling source file ../rtl/adder/adder/int_fp_add.v
Presto compilation completed successfully.
1
analyze -work mac_xzy -format verilog "../rtl/multiplier/mul/mul_normalizer.v" 
Running PRESTO HDLC
Compiling source file ../rtl/multiplier/mul/mul_normalizer.v
Presto compilation completed successfully.
1
analyze -work mac_xzy -format verilog "../rtl/multiplier/vedic/mul16x16.v" 
Running PRESTO HDLC
Compiling source file ../rtl/multiplier/vedic/mul16x16.v
Presto compilation completed successfully.
1
analyze -work mac_xzy -format verilog "../rtl/multiplier/vedic/mul2x2.v" 
Running PRESTO HDLC
Compiling source file ../rtl/multiplier/vedic/mul2x2.v
Presto compilation completed successfully.
1
analyze -work mac_xzy -format verilog "../rtl/multiplier/vedic/mul4x4.v" 
Running PRESTO HDLC
Compiling source file ../rtl/multiplier/vedic/mul4x4.v
Presto compilation completed successfully.
1
analyze -work mac_xzy -format verilog "../rtl/multiplier/vedic/mul8x8.v" 
Running PRESTO HDLC
Compiling source file ../rtl/multiplier/vedic/mul8x8.v
Presto compilation completed successfully.
1
analyze -work mac_xzy -format verilog "../rtl/multiplier/mul/int_fp_mul.v" 
Running PRESTO HDLC
Compiling source file ../rtl/multiplier/mul/int_fp_mul.v
Presto compilation completed successfully.
1
#
# Prelink the complete design (top module):
elaborate -work mac_xzy mac_xzy
Loading db file '/opt/Synopsys/Synplify2015/libraries/syn/gtech.db'
Loading db file '/opt/Synopsys/Synplify2015/libraries/syn/standard.sldb'
  Loading link library 'typical'
  Loading link library 'gtech'
Running PRESTO HDLC

Inferred memory devices in process
	in routine mac_xzy line 48 in file
		'../rtl/mac/mac_xzy.v'.
===============================================================================
|    Register Name    |   Type    | Width | Bus | MB | AR | AS | SR | SS | ST |
===============================================================================
|      b_reg_reg      | Flip-flop |  16   |  Y  | N  | Y  | N  | N  | N  | N  |
|      c_reg_reg      | Flip-flop |  16   |  Y  | N  | Y  | N  | N  | N  | N  |
|    mode_reg_reg     | Flip-flop |   1   |  N  | N  | Y  | N  | N  | N  | N  |
|      a_reg_reg      | Flip-flop |  16   |  Y  | N  | Y  | N  | N  | N  | N  |
===============================================================================
Presto compilation completed successfully.
Loading db file '/opt/Foundary_Library/TSMC90/aci/sc-x/synopsys/fast.db'
Loading db file '/opt/Foundary_Library/TSMC90/aci/sc-x/synopsys/fast_leakage.db'
Loading db file '/opt/Foundary_Library/TSMC90/aci/sc-x/synopsys/fastz.db'
Loading db file '/opt/Foundary_Library/TSMC90/aci/sc-x/synopsys/slow.db'
Loading db file '/opt/Foundary_Library/TSMC90/aci/sc-x/synopsys/typical_leakage.db'
Elaborated 1 design.
Current design is now 'mac_xzy'.
Information: Building the design 'mac_unit'. (HDL-193)
Presto compilation completed successfully.
Information: Building the design 'int_fp_add'. (HDL-193)
Presto compilation completed successfully.
Information: Building the design 'int_fp_mul'. (HDL-193)
Presto compilation completed successfully.
Information: Building the design 'alignment'. (HDL-193)
Presto compilation completed successfully.
Information: Building the design 'cla_nbit' instantiated from design 'int_fp_add' with
	the parameters "n=11". (HDL-193)
Presto compilation completed successfully.
Information: Building the design 'cla_nbit' instantiated from design 'int_fp_add' with
	the parameters "n=5". (HDL-193)
Presto compilation completed successfully.
Information: Building the design 'add_normalizer'. (HDL-193)
Presto compilation completed successfully.
Information: Building the design 'mul16x16'. (HDL-193)
Presto compilation completed successfully.
Information: Building the design 'mul_normalizer'. (HDL-193)
Presto compilation completed successfully.
Information: Building the design 'mul8x8'. (HDL-193)
Presto compilation completed successfully.
Information: Building the design 'cla_nbit' instantiated from design 'mul16x16' with
	the parameters "n=24". (HDL-193)
Presto compilation completed successfully.
Information: Building the design 'mul4x4'. (HDL-193)
Presto compilation completed successfully.
Information: Building the design 'cla_nbit' instantiated from design 'mul8x8' with
	the parameters "n=12". (HDL-193)
Presto compilation completed successfully.
Information: Building the design 'mul2x2'. (HDL-193)
Presto compilation completed successfully.
Information: Building the design 'cla_nbit' instantiated from design 'mul4x4' with
	the parameters "n=6". (HDL-193)
Presto compilation completed successfully.
1
#
# ---------------------------------
#
set_operating_conditions   typical
Using operating conditions 'typical' found in library 'typical'.
1
# Must specify every module ("design"):
set_wire_load_model -name "tsmc090_wl10" [all_designs]
1
#
# For XG mode portability to back-end tools:
set_fix_multiple_port_nets -all -buffer_constants
1
#
# Some netlist-level design rules:
set_drive      5.0 [all_inputs]
1
set_load       1.0 [all_outputs]
1
set_max_fanout 5   [all_inputs]
1
#
# Design-specific constraints:
set_max_area   200
1
set_max_delay  0.5 -to [all_outputs]
1
#
# Drop into interactive mode for compile & optimize:
#
compile
Information: Evaluating DesignWare library utilization. (UISN-27)

============================================================================
| DesignWare Building Block Library  |         Version         | Available |
============================================================================
| Basic DW Building Blocks           | K-2015.06-DWBB_201506.0 |     *     |
| Licensed DW Building Blocks        |                         |           |
| fast                               | 1.300000                |           |
| fast_leakage                       | 1.300000                |           |
| fastz                              | 1.300000                |           |
| slow                               | 1.300000                |           |
| typical                            | 1.300000                |           |
| typical_leakage                    | 1.300000                |           |
============================================================================


Information: There are 153 potential problems in your design. Please run 'check_design' for more information. (LINT-99)



  Beginning Pass 1 Mapping
  ------------------------
  Processing 'mul_normalizer'
  Processing 'cla_nbit_n5_0'
  Processing 'cla_nbit_n24_0'
  Processing 'cla_nbit_n12_0'
  Processing 'cla_nbit_n6_0'
  Processing 'mul2x2_0'
  Processing 'mul4x4_0'
  Processing 'mul8x8_0'
  Processing 'mul16x16'
  Processing 'int_fp_mul'
  Processing 'add_normalizer'
  Processing 'cla_nbit_n11'
  Processing 'alignment'
  Processing 'int_fp_add'
  Processing 'mac_unit'
  Processing 'mac_xzy'

  Updating timing information
Information: Updating design information... (UID-85)

  Beginning Implementation Selection
  ----------------------------------
  Processing 'int_fp_mul_DW01_sub_0'
  Processing 'int_fp_mul_DW01_sub_1'
  Processing 'int_fp_mul_DW01_sub_2'
  Processing 'mul_normalizer_DW01_inc_0'
  Processing 'int_fp_add_DW01_sub_0'
  Processing 'int_fp_add_DW01_cmp2_0'
  Processing 'add_normalizer_DW01_inc_0'
  Processing 'add_normalizer_DW01_inc_1'
  Processing 'alignment_DW_rash_0'
  Processing 'alignment_DW01_sub_0'

  Beginning Mapping Optimizations  (Medium effort)
  -------------------------------
  Mapping Optimization (Phase 1)
  Mapping Optimization (Phase 2)
  Mapping Optimization (Phase 3)
  Mapping Optimization (Phase 4)
  Mapping Optimization (Phase 5)
  Mapping Optimization (Phase 6)
  Mapping Optimization (Phase 7)
  Mapping Optimization (Phase 8)
  Mapping Optimization (Phase 9)
  Mapping Optimization (Phase 10)
  Mapping Optimization (Phase 11)
  Mapping Optimization (Phase 12)
  Mapping Optimization (Phase 13)
  Mapping Optimization (Phase 14)
  Mapping Optimization (Phase 15)
  Mapping Optimization (Phase 16)
  Mapping Optimization (Phase 17)
  Mapping Optimization (Phase 18)
  Mapping Optimization (Phase 19)
  Mapping Optimization (Phase 20)
  Mapping Optimization (Phase 21)
  Mapping Optimization (Phase 22)
  Mapping Optimization (Phase 23)
  Mapping Optimization (Phase 24)
  Mapping Optimization (Phase 25)
  Mapping Optimization (Phase 26)
  Mapping Optimization (Phase 27)
  Mapping Optimization (Phase 28)
  Mapping Optimization (Phase 29)
  Mapping Optimization (Phase 30)
  Mapping Optimization (Phase 31)
  Mapping Optimization (Phase 32)
  Mapping Optimization (Phase 33)
  Mapping Optimization (Phase 34)

                                  TOTAL                                      
   ELAPSED            WORST NEG   SETUP    DESIGN                            
    TIME      AREA      SLACK     COST    RULE COST         ENDPOINT         
  --------- --------- --------- --------- --------- -------------------------
    0:00:48  459306.9      8.05     129.8       4.9                          
    0:00:48  459306.9      8.05     129.8       4.9                          
    0:00:48  459306.9      8.05     129.8       4.9                          
    0:00:48  459306.9      8.05     129.8       4.9                          
    0:00:48  459306.9      8.05     129.8       4.9                          
    0:00:51  434143.4     11.43     178.4       3.9                          
    0:00:52  434003.1     10.87     173.8       3.9                          
    0:00:53  433848.7     10.61     169.9       3.9                          
    0:00:53  433759.8     10.55     169.0       3.9                          
    0:00:54  433759.8     10.57     169.6       3.9                          
    0:00:54  433857.3     10.33     164.7       3.9                          
    0:00:54  433882.8     10.35     165.9       3.9                          
    0:00:55  433881.4     10.32     165.4       3.9                          
    0:00:55  433889.8     10.27     164.7       3.9                          
    0:00:55  433952.7     10.22     164.1       3.9                          
    0:00:55  433962.6     10.16     163.1       3.9                          
    0:00:55  433968.2     10.14     162.7       3.9                          
    0:00:55  433968.2     10.14     162.7       3.9                          
    0:00:55  433968.2     10.14     162.7       3.9                          
    0:00:55  433968.2     10.14     162.7       3.9                          
    0:00:56  434086.2     10.13     161.7       0.3                          
    0:00:56  434132.8     10.13     161.7       0.0                          
    0:00:56  434132.8     10.13     161.7       0.0                          
    0:00:56  434132.8     10.13     161.7       0.0                          
    0:00:56  434132.8     10.13     161.7       0.0                          
    0:00:57  434503.6      9.56     152.6       0.0 mac_out[14]              
    0:00:58  435306.3      9.11     145.8       0.0 mac_out[14]              
    0:00:59  435665.1      8.84     141.4       0.0 mac_out[13]              
    0:01:00  436171.0      8.61     137.8       0.1 mac_out[13]              
    0:01:01  436351.8      8.42     134.9       0.1 mac_out[8]               
    0:01:02  436654.2      8.27     132.6       0.1 mac_out[13]              
    0:01:02  436833.8      8.25     132.2       0.1                          



  Beginning Delay Optimization Phase
  ----------------------------------

                                  TOTAL                                      
   ELAPSED            WORST NEG   SETUP    DESIGN                            
    TIME      AREA      SLACK     COST    RULE COST         ENDPOINT         
  --------- --------- --------- --------- --------- -------------------------
    0:01:02  436833.8      8.25     132.2       0.1                          
    0:01:04  437225.4      8.01     128.3       0.1 mac_out[13]              
    0:01:05  437379.2      7.94     127.1       0.1 mac_out[13]              
    0:01:05  437600.2      7.90     126.4       0.1 mac_out[13]              
    0:01:06  437534.5      7.87     126.1       0.1 mac_out[13]              
    0:01:07  437764.5      7.77     124.5       0.1 mac_out[13]              
    0:01:08  438002.0      7.76     124.2       0.1 mac_out[13]              
    0:01:09  438105.9      7.72     123.8       0.1 mac_out[13]              
    0:01:09  438284.6      7.63     122.2       0.1 mac_out[13]              
    0:01:10  438877.7      7.61     122.1       0.1 mac_out[14]              
    0:01:11  438957.4      7.53     120.8       0.1 mac_out[14]              
    0:01:12  439016.8      7.52     120.5       0.1 mac_out[14]              
    0:01:13  439062.7      7.48     119.9       0.1 mac_out[14]              
    0:01:13  439105.8      7.47     119.7       0.1 mac_out[14]              
    0:01:14  439274.7      7.39     118.5       0.1 mac_out[10]              
    0:01:14  439319.1      7.38     118.4       0.1 mac_out[14]              
    0:01:14  439526.9      7.37     118.2       0.1 mac_out[14]              
    0:01:15  439493.0      7.36     118.0       0.1 mac_out[14]              
    0:01:16  439671.0      7.34     117.6       0.1 mac_out[14]              
    0:01:17  439695.0      7.33     117.6       0.1 mac_out[14]              
    0:01:17  439760.0      7.32     117.5       0.1 mac_out[14]              
    0:01:18  439945.8      7.29     116.9       0.1 mac_out[14]              
    0:01:18  440377.7      7.26     116.5       0.1 mac_out[14]              
    0:01:19  440566.3      7.22     115.8       0.1 mac_out[14]              
    0:01:20  440548.7      7.20     115.6       0.1 mac_out[14]              
    0:01:20  440697.8      7.18     115.3       0.2 mac_out[14]              
    0:01:21  440943.1      7.17     115.1       0.2 mac_out[14]              
    0:01:21  440936.0      7.16     115.0       0.2 mac_out[14]              
    0:01:22  440760.6      7.16     114.9       0.2 mac_out[14]              
    0:01:23  440774.8      7.15     114.7       0.2 mac_out[14]              
    0:01:23  440712.6      7.14     114.7       0.2 mac_out[14]              
    0:01:24  440880.8      7.14     114.5       0.2 mac_out[14]              
    0:01:25  440869.5      7.14     114.5       0.2 mac_out[14]              
    0:01:25  440955.8      7.13     114.4       0.2 mac_out[14]              
    0:01:25  440965.7      7.13     114.4       0.2 mac_out[14]              
    0:01:26  440957.2      7.13     114.4       0.2 mac_out[14]              
    0:01:27  440916.2      7.12     114.2       0.2 mac_out[14]              
    0:01:27  441175.5      7.10     114.0       0.1 mac_out[14]              
    0:01:28  441355.8      7.10     113.9       0.1 mac_out[14]              
    0:01:29  441424.3      7.09     113.8       0.1 mac_out[14]              
    0:01:29  441369.2      7.09     113.7       0.1 mac_out[14]              
    0:01:30  441389.6      7.08     113.6       0.1 mac_out[14]              
    0:01:30  441460.3      7.08     113.6       0.1 mac_out[14]              
    0:01:30  441460.3      7.08     113.6       0.1 mac_out[14]              
    0:01:31  441592.4      7.07     113.5       0.1 mac_out[14]              
    0:01:32  441805.8      7.06     113.3       0.1 mac_out[14]              
    0:01:33  441699.8      7.06     113.3       0.1 mac_out[14]              
    0:01:33  441860.9      7.06     113.2       0.1 mac_out[1]               
    0:01:34  441881.4      7.05     113.0       0.1 mac_out[1]               
    0:01:34  441973.9      7.03     112.6       0.1 mac_out[13]              
    0:01:35  441975.3      7.01     112.5       0.1 mac_out[8]               
    0:01:36  442121.0      7.01     112.4       0.1 mac_out[12]              
    0:01:36  442130.2      7.00     112.4       0.1 mac_out[12]              
    0:01:37  442284.9      6.99     112.1       0.1 mac_out[14]              
    0:01:37  442285.6      6.98     112.1       0.1 mac_out[14]              
    0:01:38  442290.5      6.98     112.1       0.1 mac_out[14]              
    0:01:38  442352.0      6.98     112.0       0.1 mac_out[9]               
    0:01:39  442510.4      6.97     111.8       0.1 mac_out[14]              
    0:01:39  442577.5      6.96     111.6       0.2 mac_out[12]              
    0:01:39  442800.1      6.95     111.5       0.2 mac_out[13]              
    0:01:39  442918.2      6.95     111.5       0.2 mac_out[13]              
    0:01:40  443119.7      6.94     111.4       0.1 mac_out[14]              
    0:01:40  443413.0      6.94     111.4       0.1 mac_out[11]              
    0:01:40  443432.0      6.93     111.3       0.1 mac_out[14]              
    0:01:41  443591.1      6.92     111.2       0.1 mac_out[12]              
    0:01:41  443757.2      6.91     110.9       0.1 mac_out[12]              
    0:01:42  443822.2      6.91     110.9       0.1 mac_out[14]              
    0:01:42  443885.8      6.91     110.8       0.1 mac_out[14]              
    0:01:42  443841.2      6.90     110.7       0.1 mac_out[14]              
    0:01:43  443969.2      6.90     110.7       0.1 mac_out[14]              
    0:01:43  444005.2      6.89     110.6       0.1 mac_out[14]              
    0:01:43  444080.8      6.88     110.5       0.1 mac_out[14]              
    0:01:44  444556.6      6.88     110.3       0.1 mac_out[14]              
    0:01:44  444655.6      6.87     110.2       0.1 mac_out[14]              
    0:01:44  444640.7      6.87     110.2       0.1 mac_out[14]              
    0:01:44  444710.8      6.86     110.1       0.1 mac_out[14]              
    0:01:45  444856.4      6.86     110.1       0.1 mac_out[14]              
    0:01:45  445133.5      6.85     110.0       0.1 mac_out[14]              
    0:01:45  445380.3      6.85     109.9       0.1 mac_out[14]              
    0:01:46  445470.7      6.84     109.8       0.1 mac_out[14]              
    0:01:46  445527.9      6.82     109.5       0.1 mac_out[14]              
    0:01:46  445542.0      6.81     109.3       0.2 mac_out[14]              
    0:01:47  445594.3      6.80     109.3       0.1 mac_out[14]              
    0:01:47  445736.5      6.80     109.3       0.1 mac_out[14]              
    0:01:47  445966.9      6.79     109.1       0.1 mac_out[14]              
    0:01:48  446117.5      6.79     109.0       0.1 mac_out[14]              
    0:01:48  446374.1      6.78     108.9       0.1 mac_out[14]              
    0:01:49  446429.9      6.77     108.8       0.1 mac_out[14]              
    0:01:49  446521.7      6.77     108.7       0.1 mac_out[14]              
    0:01:49  446507.6      6.77     108.7       0.1 mac_out[14]              
    0:01:49  446569.1      6.76     108.7       0.1 mac_out[14]              
    0:01:50  446576.9      6.76     108.6       0.1 mac_out[14]              
    0:01:50  446584.6      6.76     108.5       0.1 mac_out[14]              
    0:01:50  446638.4      6.75     108.5       0.1 mac_out[14]              
    0:01:51  446740.9      6.75     108.4       0.1 mac_out[14]              
    0:01:51  446747.2      6.74     108.3       0.1 mac_out[14]              
    0:01:51  446858.2      6.74     108.3       0.1 mac_out[14]              
    0:01:52  446959.3      6.74     108.3       0.1 mac_out[14]              
    0:01:53  447055.4      6.74     108.3       0.1 mac_out[14]              
    0:01:53  447209.6      6.73     108.2       0.1 mac_out[14]              
    0:01:53  447312.1      6.73     108.1       0.1 mac_out[14]              
    0:01:54  447308.5      6.73     108.1       0.1 mac_out[14]              
    0:01:54  447300.8      6.73     108.1       0.1 mac_out[14]              
    0:01:54  447303.6      6.73     108.1       0.1 mac_out[14]              
    0:01:54  447553.1      6.73     108.1       0.1 mac_out[14]              
    0:01:55  447546.7      6.73     108.1       0.1 mac_out[14]              
    0:01:55  447546.7      6.73     108.1       0.1 mac_out[14]              
    0:01:56  447602.6      6.72     107.9       0.1 mac_out[14]              
    0:01:56  447493.0      6.71     107.9       0.1 mac_out[14]              
    0:01:57  447508.5      6.71     107.9       0.1 mac_out[14]              
    0:01:58  447663.3      6.71     107.8       0.1 mac_out[14]              
    0:01:59  447661.2      6.71     107.8       0.1 mac_out[14]              
    0:01:59  447659.1      6.71     107.8       0.1 mac_out[14]              
    0:02:00  447663.3      6.71     107.8       0.1 mac_out[14]              
    0:02:00  447776.4      6.71     107.8       0.1 mac_out[14]              
    0:02:00  447835.1      6.71     107.8       0.1 mac_out[14]              
    0:02:01  448040.1      6.70     107.7       0.1 mac_out[14]              
    0:02:01  448134.1      6.70     107.7       0.1 mac_out[14]              
    0:02:02  448265.0      6.70     107.7       0.1 mac_out[14]              
    0:02:02  448420.5      6.70     107.7       0.1 mac_out[14]              
    0:02:02  448835.5      6.69     107.6       0.1 mac_out[14]              
    0:02:03  448961.2      6.69     107.5       0.1 mac_out[14]              
    0:02:03  449366.2      6.69     107.5       0.1 mac_out[14]              
    0:02:04  449270.8      6.68     107.4       0.1 mac_out[14]              
    0:02:04  449688.6      6.67     107.2       0.1 mac_out[14]              
    0:02:04  449695.6      6.66     107.0       0.1 mac_out[14]              
    0:02:05  450160.1      6.65     106.8       0.1 mac_out[14]              
    0:02:05  449984.7      6.65     106.8       0.1 mac_out[14]              
    0:02:05  449937.3      6.64     106.7       0.1 mac_out[14]              
    0:02:05  450099.9      6.63     106.6       0.1 mac_out[14]              
    0:02:06  450191.8      6.63     106.5       0.2 mac_out[14]              
    0:02:06  450277.3      6.63     106.5       0.2 mac_out[14]              
    0:02:06  450191.0      6.63     106.5       0.2 mac_out[14]              
    0:02:07  450444.7      6.62     106.4       0.2 mac_out[14]              
    0:02:07  450503.4      6.62     106.4       0.1 mac_out[14]              
    0:02:07  450497.0      6.62     106.3       0.1 mac_out[14]              
    0:02:08  450495.6      6.62     106.3       0.1 mac_out[14]              
    0:02:08  450487.9      6.61     106.3       0.1 mac_out[14]              
    0:02:08  450485.1      6.61     106.3       0.1 mac_out[14]              
    0:02:08  450485.1      6.61     106.3       0.1 mac_out[14]              
    0:02:08  450484.3      6.61     106.3       0.1 mac_out[14]              
    0:02:09  450486.5      6.61     106.3       0.1 mac_out[14]              
    0:02:09  450485.1      6.61     106.3       0.1 mac_out[14]              
    0:02:09  450485.1      6.61     106.3       0.1 mac_out[14]              
    0:02:10  450526.1      6.61     106.2       0.1 mac_out[14]              
    0:02:10  450634.9      6.61     106.2       0.1 mac_out[14]              
    0:02:10  450680.2      6.61     106.2       0.1 mac_out[14]              
    0:02:10  450673.8      6.61     106.1       0.1 mac_out[14]              
    0:02:11  450671.7      6.60     106.1       0.1 mac_out[14]              
    0:02:12  450818.1      6.60     106.1       0.1 mac_out[14]              
    0:02:12  451071.2      6.60     106.1       0.1 mac_out[14]              
    0:02:12  451224.6      6.60     106.1       0.1 mac_out[14]              
    0:02:12  451293.1      6.60     106.0       0.1 mac_out[14]              
    0:02:13  451235.2      6.59     106.0       0.1 mac_out[14]              
    0:02:13  451175.8      6.59     106.0       0.1 mac_out[14]              
    0:02:13  451245.0      6.59     106.0       0.1 mac_out[14]              
    0:02:14  451240.8      6.59     105.9       0.1 mac_out[14]              
    0:02:15  451238.7      6.59     105.9       0.1 mac_out[14]              
    0:02:15  451233.0      6.59     105.9       0.1 mac_out[14]              
    0:02:15  451356.7      6.59     105.9       0.1 mac_out[14]              
    0:02:16  451575.8      6.58     105.9       0.2 mac_out[14]              
    0:02:16  451875.5      6.58     105.8       0.4 mac_out[14]              
    0:02:16  452144.8      6.57     105.7       0.4 mac_out[14]              
    0:02:17  452139.2      6.57     105.7       0.4 mac_out[14]              
    0:02:17  452141.3      6.57     105.7       0.4 mac_out[14]              
    0:02:17  452176.7      6.57     105.7       0.4 mac_out[14]              
    0:02:18  452167.5      6.57     105.6       0.4 mac_out[14]              
    0:02:18  452322.3      6.57     105.6       0.4 mac_out[14]              
    0:02:19  452521.7      6.57     105.6       0.4 mac_out[14]              
    0:02:20  452587.4      6.57     105.6       0.4 mac_out[14]              
    0:02:20  452646.8      6.56     105.6       0.4 mac_out[14]              
    0:02:20  452646.1      6.56     105.6       0.4 mac_out[14]              
    0:02:21  452648.2      6.56     105.6       0.4 mac_out[14]              
    0:02:21  452704.0      6.56     105.5       0.4 mac_out[14]              
    0:02:21  452764.1      6.56     105.5       0.4 mac_out[14]              
    0:02:22  452790.2      6.56     105.4       0.4 mac_out[14]              
    0:02:22  452790.9      6.55     105.4       0.4 mac_out[14]              
    0:02:22  452665.1      6.55     105.4       0.4 mac_out[14]              
    0:02:23  452665.8      6.55     105.4       0.4 mac_out[14]              
    0:02:23  452664.4      6.55     105.4       0.4 mac_out[14]              
    0:02:31  452664.4      6.55     105.4       0.4 mac_out[14]              
    0:02:41  452665.1      6.55     105.3       0.4 mac_out[14]              
    0:02:41  452663.0      6.55     105.3       0.4 mac_out[14]              
    0:02:42  452709.0      6.55     105.3       0.4 mac_out[14]              
    0:02:43  452711.1      6.55     105.3       0.4 mac_out[14]              
    0:02:43  452662.3      6.55     105.3       0.4 mac_out[14]              
    0:02:45  452672.9      6.55     105.3       0.4 mac_out[14]              
    0:02:58  452670.8      6.55     105.3       0.4 mac_out[14]              
    0:02:59  452564.0      6.53     105.1       0.4 mac_out[12]              
    0:03:00  452466.4      6.53     105.0       0.4 mac_out[12]              
    0:03:02  452613.5      6.53     105.0       0.4 mac_out[12]              
    0:03:02  452393.7      6.52     105.0       0.4 mac_out[9]               
    0:03:04  452641.8      6.52     104.8       0.4                          
    0:03:04  452641.8      6.52     104.8       0.4                          


  Beginning Design Rule Fixing  (max_transition)  (max_capacitance)
  ----------------------------

                                  TOTAL                                      
   ELAPSED            WORST NEG   SETUP    DESIGN                            
    TIME      AREA      SLACK     COST    RULE COST         ENDPOINT         
  --------- --------- --------- --------- --------- -------------------------
    0:03:04  452641.8      6.52     104.8       0.4                          
    0:03:05  453147.1      6.51     104.7       0.0 mac_out[8]               
    0:03:06  453174.6      6.49     104.4       0.0 mac_out[14]              
    0:03:06  453231.9      6.49     104.3       0.0 mac_out[14]              
    0:03:07  453250.9      6.48     104.2       0.0 mac_out[14]              
    0:03:07  453195.8      6.47     104.2       0.0 mac_out[14]              
    0:03:08  453218.4      6.47     104.2       0.0 mac_out[7]               
    0:03:08  453251.5      6.46     104.0       0.0 mac_out[14]              
    0:03:09  453206.3      6.46     104.0       0.0 mac_out[14]              
    0:03:10  453262.1      6.46     103.9       0.0 mac_out[14]              
    0:03:11  453260.0      6.46     103.9       0.0 mac_out[14]              
    0:03:11  453259.3      6.46     103.9       0.0 mac_out[14]              
    0:03:12  453312.3      6.46     103.9       0.0 mac_out[14]              
    0:03:12  453311.6      6.46     103.9       0.0                          
    0:03:12  453561.1      6.43     103.5       0.0                          
    0:03:13  453575.2      6.42     103.4       0.0                          
    0:03:13  453556.7      6.42     103.3       0.0                          
    0:03:14  453539.8      6.42     103.3       0.0                          
    0:03:14  453538.4      6.42     103.3       0.0                          
    0:03:14  453686.2      6.42     103.3       0.0                          
    0:03:15  453818.3      6.41     103.2       0.0                          
    0:03:15  453780.8      6.41     103.1       0.0                          
    0:03:15  453790.7      6.41     103.1       0.0                          
    0:03:16  453722.1      6.41     103.1       0.0                          
    0:03:16  453928.6      6.40     103.1       0.0                          
    0:03:17  453869.2      6.40     103.1       0.0                          
    0:03:17  453804.9      6.40     103.0       0.0                          
    0:03:18  453734.2      6.40     103.0       0.0                          
    0:03:18  453788.0      6.40     103.0       0.0                          
    0:03:18  453869.9      6.40     102.9       0.0                          
    0:03:18  453876.3      6.40     102.9       0.0                          
    0:03:18  453823.9      6.40     102.8       0.0                          
    0:03:19  453975.9      6.40     102.8       0.0                          
    0:03:19  453973.1      6.40     102.8       0.0                          


  Beginning Area-Recovery Phase  (max_area 200)
  -----------------------------

                                  TOTAL                                      
   ELAPSED            WORST NEG   SETUP    DESIGN                            
    TIME      AREA      SLACK     COST    RULE COST         ENDPOINT         
  --------- --------- --------- --------- --------- -------------------------
    0:03:19  453973.1      6.40     102.8       0.0                          
    0:03:19  453973.1      6.40     102.8       0.0                          
    0:03:19  450794.6      6.41     102.9       0.0                          
    0:03:19  450253.1      6.41     102.9       0.0                          
    0:03:19  450104.6      6.42     103.0       0.0                          
    0:03:19  450005.6      6.42     103.0       0.0                          
    0:03:19  449906.6      6.42     103.0       0.0                          
    0:03:19  449906.6      6.42     103.0       0.0                          
    0:03:20  449994.9      6.40     102.8       0.0 mac_out[13]              
    0:03:20  449975.9      6.40     103.0       0.0 mac_out[12]              
    0:03:21  449974.5      6.40     103.0       0.0 mac_out[12]              
    0:03:21  450031.7      6.40     103.0       0.0 mac_out[12]              
    0:03:22  450030.3      6.40     103.0       0.0 mac_out[12]              
    0:03:22  450057.8      6.40     103.0       0.0 mac_out[12]              
    0:03:22  450057.8      6.40     103.0       0.0                          
    0:03:23  449668.3      6.47     104.0       0.0                          
    0:03:23  449592.1      6.47     104.1       0.0                          
    0:03:23  449450.3      6.47     104.0       0.0                          
    0:03:23  449341.6      6.47     104.0       0.0                          
    0:03:23  449339.5      6.47     104.0       0.0                          
    0:03:23  449339.5      6.47     104.0       0.0                          
    0:03:23  449339.5      6.47     104.0       0.0                          
    0:03:23  449339.5      6.47     104.0       0.0                          
    0:03:24  449357.2      6.43     103.4       0.0 mac_out[12]              
    0:03:24  449462.5      6.42     103.3       0.0 mac_out[12]              
    0:03:25  449464.6      6.42     103.2       0.0 mac_out[12]              
    0:03:25  449536.7      6.41     103.2       0.0 mac_out[12]              
    0:03:26  449557.8      6.41     103.1       0.0 mac_out[12]              
    0:03:26  449665.3      6.41     103.1       0.0 mac_out[12]              
    0:03:26  449665.3      6.41     103.1       0.0 mac_out[12]              
    0:03:27  449713.3      6.40     103.0       0.0 mac_out[12]              
    0:03:28  449817.9      6.40     102.9       0.0 mac_out[12]              
    0:03:28  449881.5      6.40     102.9       0.0 mac_out[12]              
    0:03:29  449877.3      6.40     102.9       0.0 mac_out[12]              
    0:03:29  449428.3      6.40     102.9       0.0                          
    0:03:29  449011.2      6.39     102.9       0.0                          
    0:03:29  448560.9      6.39     102.9       0.0                          
    0:03:30  447928.8      6.39     102.9       0.0                          
    0:03:30  447620.6      6.39     102.9       0.0                          
    0:03:30  447225.4      6.39     102.9       0.0                          
    0:03:30  446839.4      6.39     102.9       0.0                          
    0:03:31  446492.2      6.39     102.9       0.0                          
    0:03:31  446348.7      6.39     102.9       0.0                          
    0:03:32  446263.3      6.64     104.0       0.0                          
    0:03:32  446192.8      6.69     104.9       0.0                          
    0:03:32  446176.5      6.69     105.3       0.0                          
    0:03:32  446170.9      6.69     105.3       0.0                          
    0:03:32  446170.9      6.69     105.3       0.0                          
    0:03:32  446170.9      6.69     105.3       0.0                          
    0:03:32  446170.9      6.69     105.3       0.0                          
    0:03:32  446170.9      6.69     105.3       0.0                          
    0:03:32  446231.6      6.45     103.7       0.0 mac_out[12]              
    0:03:33  446232.3      6.43     103.5       0.0 mac_out[12]              
    0:03:33  446247.1      6.43     103.5       0.0 mac_out[12]              
    0:03:34  446251.3      6.40     103.0       0.0 mac_out[12]              
    0:03:35  446276.0      6.40     103.0       0.0 mac_out[12]              
    0:03:35  446281.0      6.39     102.9       0.0 mac_out[12]              
    0:03:36  446498.0      6.39     102.9       0.0 mac_out[12]              
    0:03:36  446511.4      6.39     102.9       0.0 mac_out[14]              
    0:03:37  446512.8      6.39     102.9       0.0 mac_out[14]              
    0:03:37  446461.2      6.39     102.9       0.0                          
    0:03:39  446461.2      6.39     102.9       0.0                          
    0:03:39  446473.2      6.39     102.9       0.0                          
    0:03:39  446478.1      6.39     102.9       0.0                          
    0:03:40  446542.4      6.39     102.8       0.0                          
    0:03:40  446545.3      6.38     102.7       0.0                          
    0:03:40  446546.0      6.38     102.7       0.0                          
    0:03:40  446553.7      6.38     102.6       0.0                          
    0:03:40  446556.5      6.38     102.6       0.0                          
    0:03:41  446549.5      6.38     102.5       0.0                          
    0:03:41  446565.0      6.38     102.5       0.0                          
    0:03:41  446625.8      6.38     102.5       0.0                          
    0:03:42  446670.3      6.38     102.5       0.0 mac_out[14]              
    0:03:42  446666.1      6.38     102.5       0.0 mac_out[14]              
    0:03:43  446715.6      6.38     102.6       0.0 mac_out[14]              
    0:03:43  446719.1      6.38     102.6       0.0 mac_out[14]              
    0:03:43  446701.5      6.38     102.6       0.0 mac_out[14]              
    0:03:44  446697.2      6.38     102.6       0.0 mac_out[14]              
    0:03:44  446696.5      6.38     102.6       0.0 mac_out[14]              
    0:03:45  446746.0      6.38     102.6       0.0 mac_out[14]              
    0:03:45  446947.5      6.37     102.6       0.0 mac_out[14]              
    0:03:45  446946.8      6.37     102.6       0.0 mac_out[14]              
    0:03:46  446997.7      6.37     102.6       0.0 mac_out[14]              
    0:03:46  446947.5      6.37     102.6       0.0 mac_out[14]              
    0:03:46  446892.4      6.37     102.5       0.0 mac_out[14]              
    0:03:47  446895.2      6.37     102.5       0.0 mac_out[14]              
    0:03:47  446892.4      6.37     102.5       0.0 mac_out[14]              
    0:03:48  446892.4      6.37     102.5       0.0 mac_out[14]              
    0:03:48  446892.4      6.37     102.5       0.0 mac_out[14]              
    0:03:48  446903.0      6.37     102.5       0.0 mac_out[14]              
    0:03:49  446970.1      6.37     102.5       0.0 mac_out[14]              
Loading db file '/opt/Foundary_Library/TSMC90/aci/sc-x/synopsys/typical.db'


Note: Symbol # after min delay cost means estimated hold TNS across all active scenarios 


  Optimization Complete
  ---------------------
1
#
# check the timing and area infomation
report_timing 
Information: Updating design information... (UID-85)
 
****************************************
Report : timing
        -path full
        -delay max
        -max_paths 1
Design : mac_xzy
Version: K-2015.06
Date   : Sat Jul 18 11:17:34 2020
****************************************

Operating Conditions: typical   Library: typical
Wire Load Model Mode: top

  Startpoint: b_reg_reg[3]
              (rising edge-triggered flip-flop)
  Endpoint: mac_out[14]
            (output port)
  Path Group: default
  Path Type: max

  Des/Clust/Port     Wire Load Model       Library
  ------------------------------------------------
  mac_xzy            tsmc090_wl10          typical

  Point                                                   Incr       Path
  --------------------------------------------------------------------------
  b_reg_reg[3]/CK (DFFRHQX8)                              0.00       0.00 r
  b_reg_reg[3]/Q (DFFRHQX8)                               0.14       0.14 f
  u_mac/in_b[3] (mac_unit)                                0.00       0.14 f
  u_mac/mul/b[3] (int_fp_mul)                             0.00       0.14 f
  u_mac/mul/U75/Y (NOR2X8)                                0.06       0.20 r
  u_mac/mul/U87/Y (NAND2X8)                               0.03       0.23 f
  u_mac/mul/U93/Y (OR2X8)                                 0.06       0.29 f
  u_mac/mul/U88/Y (NAND2X8)                               0.03       0.32 r
  u_mac/mul/U169/Y (XOR2X8)                               0.05       0.37 f
  u_mac/mul/u1/b[6] (mul16x16)                            0.00       0.37 f
  u_mac/mul/u1/U3/Y (CLKBUFX40)                           0.07       0.44 f
  u_mac/mul/u1/u4/b[6] (mul8x8_1)                         0.00       0.44 f
  u_mac/mul/u1/u4/u2/b[2] (mul4x4_3)                      0.00       0.44 f
  u_mac/mul/u1/u4/u2/u1/b[0] (mul2x2_12)                  0.00       0.44 f
  u_mac/mul/u1/u4/u2/u1/U7/Y (AOI211X4)                   0.12       0.56 r
  u_mac/mul/u1/u4/u2/u1/c[2] (mul2x2_12)                  0.00       0.56 r
  u_mac/mul/u1/u4/u2/u5/a[4] (cla_nbit_n6_9)              0.00       0.56 r
  u_mac/mul/u1/u4/u2/u5/U15/Y (BUFX10)                    0.07       0.63 r
  u_mac/mul/u1/u4/u2/u5/U3/Y (NOR2X8)                     0.02       0.65 f
  u_mac/mul/u1/u4/u2/u5/U5/Y (AOI21X6)                    0.06       0.70 r
  u_mac/mul/u1/u4/u2/u5/U39/Y (AOI31X4)                   0.06       0.76 f
  u_mac/mul/u1/u4/u2/u5/U32/Y (OAI2BB1X4)                 0.05       0.82 r
  u_mac/mul/u1/u4/u2/u5/co (cla_nbit_n6_9)                0.00       0.82 r
  u_mac/mul/u1/u4/u2/u6/ci (cla_nbit_n6_8)                0.00       0.82 r
  u_mac/mul/u1/u4/u2/u6/U30/Y (BUFX20)                    0.06       0.88 r
  u_mac/mul/u1/u4/u2/u6/U1/Y (NOR3X8)                     0.02       0.90 f
  u_mac/mul/u1/u4/u2/u6/U32/Y (NOR4X8)                    0.10       1.00 r
  u_mac/mul/u1/u4/u2/u6/U16/Y (BUFX10)                    0.05       1.05 r
  u_mac/mul/u1/u4/u2/u6/U48/Y (XOR3X4)                    0.08       1.13 r
  u_mac/mul/u1/u4/u2/u6/s[4] (cla_nbit_n6_8)              0.00       1.13 r
  u_mac/mul/u1/u4/u2/U6/Y (BUFX20)                        0.05       1.18 r
  u_mac/mul/u1/u4/u2/u7/b[4] (cla_nbit_n6_7)              0.00       1.18 r
  u_mac/mul/u1/u4/u2/u7/U28/Y (NAND2X8)                   0.03       1.21 f
  u_mac/mul/u1/u4/u2/u7/U19/Y (CLKNAND2X12)               0.03       1.24 r
  u_mac/mul/u1/u4/u2/u7/U29/Y (AOI21X8)                   0.02       1.26 f
  u_mac/mul/u1/u4/u2/u7/U46/Y (NOR3X8)                    0.09       1.35 r
  u_mac/mul/u1/u4/u2/u7/U45/Y (XOR3X4)                    0.15       1.49 r
  u_mac/mul/u1/u4/u2/u7/s[5] (cla_nbit_n6_7)              0.00       1.49 r
  u_mac/mul/u1/u4/u2/c[7] (mul4x4_3)                      0.00       1.49 r
  u_mac/mul/u1/u4/u5/b[7] (cla_nbit_n12_3)                0.00       1.49 r
  u_mac/mul/u1/u4/u5/U1/Y (NOR2X5)                        0.03       1.53 f
  u_mac/mul/u1/u4/u5/U68/Y (AOI21X8)                      0.06       1.59 r
  u_mac/mul/u1/u4/u5/U44/Y (OAI21X8)                      0.04       1.63 f
  u_mac/mul/u1/u4/u5/U45/Y (AOI21X8)                      0.06       1.69 r
  u_mac/mul/u1/u4/u5/co (cla_nbit_n12_3)                  0.00       1.69 r
  u_mac/mul/u1/u4/u6/ci (cla_nbit_n12_2)                  0.00       1.69 r
  u_mac/mul/u1/u4/u6/U44/Y (BUFX20)                       0.05       1.74 r
  u_mac/mul/u1/u4/u6/U1/Y (INVX18)                        0.02       1.76 f
  u_mac/mul/u1/u4/u6/U24/Y (NAND3X8)                      0.03       1.79 r
  u_mac/mul/u1/u4/u6/U84/Y (NAND3X8)                      0.07       1.86 f
  u_mac/mul/u1/u4/u6/U39/Y (NAND3X4)                      0.06       1.92 r
  u_mac/mul/u1/u4/u6/U86/Y (OAI211X4)                     0.05       1.97 f
  u_mac/mul/u1/u4/u6/U80/Y (XNOR3X4)                      0.14       2.11 r
  u_mac/mul/u1/u4/u6/s[5] (cla_nbit_n12_2)                0.00       2.11 r
  u_mac/mul/u1/u4/u7/b[5] (cla_nbit_n12_1)                0.00       2.11 r
  u_mac/mul/u1/u4/u7/U25/Y (INVX10)                       0.03       2.14 f
  u_mac/mul/u1/u4/u7/U29/Y (OAI221X4)                     0.11       2.25 r
  u_mac/mul/u1/u4/u7/U26/Y (BUFX18)                       0.06       2.31 r
  u_mac/mul/u1/u4/u7/U38/Y (OAI2B11X4)                    0.06       2.37 f
  u_mac/mul/u1/u4/u7/U6/Y (CLKNAND2X8)                    0.04       2.41 r
  u_mac/mul/u1/u4/u7/U102/Y (XOR3X4)                      0.11       2.52 f
  u_mac/mul/u1/u4/u7/s[7] (cla_nbit_n12_1)                0.00       2.52 f
  u_mac/mul/u1/u4/c[11] (mul8x8_1)                        0.00       2.52 f
  u_mac/mul/u1/u6/b[3] (cla_nbit_n24_2)                   0.00       2.52 f
  u_mac/mul/u1/u6/U44/Y (BUFX20)                          0.06       2.58 f
  u_mac/mul/u1/u6/U36/Y (OAI221X2)                        0.13       2.71 r
  u_mac/mul/u1/u6/U69/Y (AOI21X4)                         0.06       2.77 f
  u_mac/mul/u1/u6/U15/Y (OAI21X6)                         0.07       2.84 r
  u_mac/mul/u1/u6/U62/Y (XNOR3X4)                         0.11       2.95 f
  u_mac/mul/u1/u6/s[6] (cla_nbit_n24_2)                   0.00       2.95 f
  u_mac/mul/u1/u7/b[6] (cla_nbit_n24_1)                   0.00       2.95 f
  u_mac/mul/u1/u7/U79/Y (OR2X8)                           0.08       3.02 f
  u_mac/mul/u1/u7/U66/Y (AND2X8)                          0.05       3.07 f
  u_mac/mul/u1/u7/U41/Y (OAI2BB1X4)                       0.07       3.14 f
  u_mac/mul/u1/u7/U40/Y (OAI2BB1X4)                       0.08       3.22 f
  u_mac/mul/u1/u7/U45/Y (AOI21X8)                         0.06       3.28 r
  u_mac/mul/u1/u7/U147/Y (OAI21X8)                        0.04       3.32 f
  u_mac/mul/u1/u7/U126/Y (NAND3X8)                        0.04       3.36 r
  u_mac/mul/u1/u7/U53/Y (CLKNAND2X12)                     0.04       3.39 f
  u_mac/mul/u1/u7/U128/Y (XOR3X4)                         0.09       3.49 f
  u_mac/mul/u1/u7/s[13] (cla_nbit_n24_1)                  0.00       3.49 f
  u_mac/mul/u1/c[21] (mul16x16)                           0.00       3.49 f
  u_mac/mul/u4/mantissa_prod[21] (mul_normalizer)         0.00       3.49 f
  u_mac/mul/u4/U24/Y (CLKBUFX40)                          0.08       3.56 f
  u_mac/mul/u4/U3/Y (CLKMX2X6)                            0.09       3.65 r
  u_mac/mul/u4/result[6] (mul_normalizer)                 0.00       3.65 r
  u_mac/mul/U48/Y (AO21X4)                                0.09       3.74 r
  u_mac/mul/c[6] (int_fp_mul)                             0.00       3.74 r
  u_mac/add/a[6] (int_fp_add)                             0.00       3.74 r
  u_mac/add/U84/Y (INVX6)                                 0.02       3.76 f
  u_mac/add/U240/Y (OA22X4)                               0.10       3.86 f
  u_mac/add/U97/Y (OAI221X4)                              0.06       3.92 r
  u_mac/add/U11/Y (INVX12)                                0.03       3.95 f
  u_mac/add/U172/Y (AND4X8)                               0.06       4.01 f
  u_mac/add/U173/Y (AOI211X4)                             0.10       4.11 r
  u_mac/add/U149/Y (NAND2BX8)                             0.05       4.17 r
  u_mac/add/U95/Y (OAI2BB1X4)                             0.08       4.24 r
  u_mac/add/U41/Y (INVX14)                                0.04       4.28 f
  u_mac/add/U134/Y (MXI2X8)                               0.05       4.33 r
  u_mac/add/U40/Y (CLKINVX20)                             0.05       4.38 f
  u_mac/add/u1/smaller[10] (alignment)                    0.00       4.38 f
  u_mac/add/u1/U5/Y (BUFX20)                              0.05       4.43 f
  u_mac/add/u1/U10/Y (OR3X8)                              0.07       4.50 f
  u_mac/add/u1/U12/Y (XOR2X8)                             0.05       4.56 f
  u_mac/add/u1/u1/b[3] (cla_nbit_n5_2)                    0.00       4.56 f
  u_mac/add/u1/u1/U46/CON (ACHCONX2)                      0.16       4.72 r
  u_mac/add/u1/u1/U47/Y (NAND2BX8)                        0.06       4.78 r
  u_mac/add/u1/u1/U44/Y (XOR2X8)                          0.05       4.83 r
  u_mac/add/u1/u1/U48/Y (XOR2X8)                          0.08       4.91 r
  u_mac/add/u1/u1/s[4] (cla_nbit_n5_2)                    0.00       4.91 r
  u_mac/add/u1/srl_14/SH[4] (alignment_DW_rash_9)         0.00       4.91 r
  u_mac/add/u1/srl_14/U110/Y (NAND2BX8)                   0.07       4.98 r
  u_mac/add/u1/srl_14/U17/Y (INVX20)                      0.03       5.01 f
  u_mac/add/u1/srl_14/U40/Y (AOI2BB2X4)                   0.09       5.10 r
  u_mac/add/u1/srl_14/U18/Y (NAND2X8)                     0.06       5.15 f
  u_mac/add/u1/srl_14/B[1] (alignment_DW_rash_9)          0.00       5.15 f
  u_mac/add/u1/aligned_small[1] (alignment)               0.00       5.15 f
  u_mac/add/U34/Y (INVX20)                                0.04       5.19 r
  u_mac/add/U35/Y (CLKNAND2X12)                           0.04       5.23 f
  u_mac/add/U157/Y (XOR2X8)                               0.05       5.28 f
  u_mac/add/U234/Y (OAI221X4)                             0.12       5.40 r
  u_mac/add/u2/b[2] (cla_nbit_n11)                        0.00       5.40 r
  u_mac/add/u2/U43/Y (INVX10)                             0.04       5.44 f
  u_mac/add/u2/U59/Y (AOI22X4)                            0.10       5.54 r
  u_mac/add/u2/U123/Y (OAI21X8)                           0.04       5.58 f
  u_mac/add/u2/U82/Y (AND3X8)                             0.07       5.66 f
  u_mac/add/u2/U6/Y (INVX20)                              0.04       5.70 r
  u_mac/add/u2/U107/Y (OAI32X4)                           0.05       5.75 f
  u_mac/add/u2/U62/Y (AOI31X4)                            0.08       5.82 r
  u_mac/add/u2/U115/Y (XNOR3X4)                           0.11       5.93 f
  u_mac/add/u2/U1/Y (INVX12)                              0.06       5.99 r
  u_mac/add/u2/s[9] (cla_nbit_n11)                        0.00       5.99 r
  u_mac/add/u4/mantissa_add[9] (add_normalizer)           0.00       5.99 r
  u_mac/add/u4/U47/Y (INVX20)                             0.03       6.02 f
  u_mac/add/u4/U121/Y (AOI211X4)                          0.18       6.20 r
  u_mac/add/u4/u1/b[0] (cla_nbit_n5_1)                    0.00       6.20 r
  u_mac/add/u4/u1/U19/CON (ACHCONX4)                      0.08       6.27 f
  u_mac/add/u4/u1/U21/Y (INVX12)                          0.06       6.33 r
  u_mac/add/u4/u1/U31/Y (AOI2BB1X4)                       0.03       6.36 f
  u_mac/add/u4/u1/U20/Y (NAND2BX8)                        0.07       6.43 f
  u_mac/add/u4/u1/U32/Y (NAND3X8)                         0.04       6.46 r
  u_mac/add/u4/u1/U4/Y (NAND2X8)                          0.03       6.49 f
  u_mac/add/u4/u1/U30/Y (XOR2X8)                          0.04       6.53 f
  u_mac/add/u4/u1/s[4] (cla_nbit_n5_1)                    0.00       6.53 f
  u_mac/add/u4/U84/Y (OAI2BB1X4)                          0.07       6.60 f
  u_mac/add/u4/result[14] (add_normalizer)                0.00       6.60 f
  u_mac/add/U96/Y (OAI2BB1X4)                             0.08       6.68 f
  u_mac/add/c[14] (int_fp_add)                            0.00       6.68 f
  u_mac/mac_out[14] (mac_unit)                            0.00       6.68 f
  U135/Y (CLKBUFX40)                                      0.19       6.87 f
  mac_out[14] (out)                                       0.00       6.87 f
  data arrival time                                                  6.87

  max_delay                                               0.50       0.50
  output external delay                                   0.00       0.50
  data required time                                                 0.50
  --------------------------------------------------------------------------
  data required time                                                 0.50
  data arrival time                                                 -6.87
  --------------------------------------------------------------------------
  slack (VIOLATED)                                                  -6.37


1
report_area
 
****************************************
Report : area
Design : mac_xzy
Version: K-2015.06
Date   : Sat Jul 18 11:17:34 2020
****************************************

Library(s) Used:

    typical (File: /opt/Foundary_Library/TSMC90/aci/sc-x/synopsys/typical.db)

Number of ports:                         3086
Number of nets:                          7044
Number of cells:                         4195
Number of combinational cells:           3957
Number of sequential cells:                77
Number of macros/black boxes:               0
Number of buf/inv:                        935
Number of references:                      13

Combinational area:              27776.649899
Buf/Inv area:                     5074.675224
Noncombinational area:            1244.678394
Macro/Black Box area:                0.000000
Net Interconnect area:          417948.765839

Total cell area:                 29021.328293
Total area:                     446970.094132
1
# 
# Save the netlist in Synopsys (ddc) format:
# write -hierarchy -format ddc
#
# Save the netlist in verilog netlist format:
write -hierarchy -format verilog -output Intro_TopNetlist.v
Writing verilog file '/home/IC/workspae/INT_FP_MAC/sy/Intro_TopNetlist.v'.
Warning: Verilog 'assign' or 'tran' statements are written out. (VO-4)
Warning: Verilog writer has added 10 nets to module int_fp_mul using SYNOPSYS_UNCONNECTED_ as prefix.  Please use the change_names command to make the correct changes before invoking the verilog writer.  (VO-11)
1
#
# Write a Standard Delay Format (SDF) back-annotation
# file for future simulation, using DC library delays:
# write_sdf mac_xzy.SDF
#
# Quit DC:
exit

Memory usage for main task 275 Mbytes.
Memory usage for this session 275 Mbytes.
CPU usage for this session 239 seconds ( 0.07 hours ).

Thank you...
