*design* DebussyLib (btIdent Verdi3_K-2015.09-SP1-1)
Command arguments:
    +define+verilog
    -f rtl.lst
        ./rtl/mac/mac_tb.v
        ./rtl/mac/mac.v
        ./rtl/adder/adder/add_normalizer.v
        ./rtl/adder/cla/cla_nbit.v
        ./rtl/adder/adder/alignment.v
        ./rtl/adder/adder/int_fp_add.v
        ./rtl/multiplier/mul/mul_normalizer.v
        ./rtl/multiplier/vedic/mul16x16.v
        ./rtl/multiplier/vedic/mul2x2.v
        ./rtl/multiplier/vedic/mul4x4.v
        ./rtl/multiplier/vedic/mul8x8.v
        ./rtl/multiplier/mul/int_fp_mul.v
    -sv


*Error* Too many indexes: bigger[14:10]
"./rtl/adder/adder/int_fp_add.v", 100: 

*Warning* partselect to scalar
"./rtl/adder/adder/int_fp_add.v", 100: 

*Error* Too many indexes: bigger[9:0]
"./rtl/adder/adder/int_fp_add.v", 67: 

*Warning* partselect to scalar
"./rtl/adder/adder/int_fp_add.v", 67: 

*Error* Too many indexes: multiplier_output[21:0]
"./rtl/multiplier/mul/int_fp_mul.v", 23: 

*Warning* partselect to scalar
"./rtl/multiplier/mul/int_fp_mul.v", 23: 

*Error* illegal LHS in procedural assignment
"./rtl/multiplier/mul/int_fp_mul.v", 30: 

*Error* illegal LHS in procedural assignment
"./rtl/multiplier/mul/int_fp_mul.v", 31: 

*Error* illegal LHS in procedural assignment
"./rtl/multiplier/mul/int_fp_mul.v", 33: 

*Error* illegal LHS in procedural assignment
"./rtl/multiplier/mul/int_fp_mul.v", 34: 

*Error* illegal LHS in procedural assignment
"./rtl/multiplier/mul/int_fp_mul.v", 36: 

*Error* illegal LHS in procedural assignment
"./rtl/multiplier/mul/int_fp_mul.v", 37: 

*Error* Too many indexes: multiplier_output[15:0]
"./rtl/multiplier/mul/int_fp_mul.v", 48: 

*Warning* partselect to scalar
"./rtl/multiplier/mul/int_fp_mul.v", 48: 
Highest level modules:
mac_tb


*Warning* port sizes differ (15 vs 1) in port connection (port 1)
"./rtl/adder/adder/int_fp_add.v", 96: 

*Warning* port sizes differ (15 vs 1) in port connection (port 2)
"./rtl/adder/adder/int_fp_add.v", 96: 

*Warning* port sizes differ (11 vs 1) in port connection (port 3)
"./rtl/adder/adder/int_fp_add.v", 100: 

*Warning* port sizes differ (32 vs 1) in port connection (port 3)
"./rtl/multiplier/mul/int_fp_mul.v", 22: 

*Warning* port sizes differ (6 vs 1) in port connection (port 1)
"./rtl/multiplier/mul/int_fp_mul.v", 26: 

*Warning* port sizes differ (22 vs 1) in port connection (port 2)
"./rtl/multiplier/mul/int_fp_mul.v", 26: 

*Warning* port sizes differ (15 vs 1) in port connection (port 3)
"./rtl/multiplier/mul/int_fp_mul.v", 26: 
Total	10 error(s),   11 warning(s)
